*ERROR* 	v1.7.4.4	2019/06/21 - 22:23:02: Can not retrieve the id_product_attribute  &=  &= 
            SELECT 
                pac.`id_product_attribute`
            FROM 
                `ps_product_attribute_combination` pac
                INNER JOIN `ps_product_attribute` pa ON pa.id_product_attribute = pac.id_product_attribute
            WHERE 
                pa.id_product = 106
                AND pac.id_attribute IN (64,105,62)
            GROUP BY 
                pac.`id_product_attribute`
            HAVING 
                COUNT(pa.id_product) = 3 at line 6147 in file classes/Product.php
*ERROR* 	v1.7.4.4	2019/06/21 - 22:23:11: Can not retrieve the id_product_attribute  &=  &= 
            SELECT 
                pac.`id_product_attribute`
            FROM 
                `ps_product_attribute_combination` pac
                INNER JOIN `ps_product_attribute` pa ON pa.id_product_attribute = pac.id_product_attribute
            WHERE 
                pa.id_product = 106
                AND pac.id_attribute IN (81,105,62)
            GROUP BY 
                pac.`id_product_attribute`
            HAVING 
                COUNT(pa.id_product) = 3 at line 6147 in file classes/Product.php
*ERROR* 	v1.7.4.4	2019/06/21 - 22:23:15: Can not retrieve the id_product_attribute  &=  &= 
            SELECT 
                pac.`id_product_attribute`
            FROM 
                `ps_product_attribute_combination` pac
                INNER JOIN `ps_product_attribute` pa ON pa.id_product_attribute = pac.id_product_attribute
            WHERE 
                pa.id_product = 106
                AND pac.id_attribute IN (82,105,62)
            GROUP BY 
                pac.`id_product_attribute`
            HAVING 
                COUNT(pa.id_product) = 3 at line 6147 in file classes/Product.php
*ERROR* 	v1.7.4.4	2019/06/21 - 22:24:42: Can not retrieve the id_product_attribute  &=  &= 
            SELECT 
                pac.`id_product_attribute`
            FROM 
                `ps_product_attribute_combination` pac
                INNER JOIN `ps_product_attribute` pa ON pa.id_product_attribute = pac.id_product_attribute
            WHERE 
                pa.id_product = 106
                AND pac.id_attribute IN (64,105,62)
            GROUP BY 
                pac.`id_product_attribute`
            HAVING 
                COUNT(pa.id_product) = 3 at line 6147 in file classes/Product.php
*ERROR* 	v1.7.4.4	2019/06/21 - 23:34:27: Can not retrieve the id_product_attribute  &=  &= 
            SELECT 
                pac.`id_product_attribute`
            FROM 
                `ps_product_attribute_combination` pac
                INNER JOIN `ps_product_attribute` pa ON pa.id_product_attribute = pac.id_product_attribute
            WHERE 
                pa.id_product = 106
                AND pac.id_attribute IN (64,105,62)
            GROUP BY 
                pac.`id_product_attribute`
            HAVING 
                COUNT(pa.id_product) = 3 at line 6147 in file classes/Product.php
*ERROR* 	v1.7.4.4	2019/06/21 - 23:35:29: Can not retrieve the id_product_attribute  &=  &= 
            SELECT 
                pac.`id_product_attribute`
            FROM 
                `ps_product_attribute_combination` pac
                INNER JOIN `ps_product_attribute` pa ON pa.id_product_attribute = pac.id_product_attribute
            WHERE 
                pa.id_product = 106
                AND pac.id_attribute IN (64,105,62)
            GROUP BY 
                pac.`id_product_attribute`
            HAVING 
                COUNT(pa.id_product) = 3 at line 6147 in file classes/Product.php
*ERROR* 	v1.7.4.4	2019/06/21 - 23:35:32: Can not retrieve the id_product_attribute  &=  &= 
            SELECT 
                pac.`id_product_attribute`
            FROM 
                `ps_product_attribute_combination` pac
                INNER JOIN `ps_product_attribute` pa ON pa.id_product_attribute = pac.id_product_attribute
            WHERE 
                pa.id_product = 106
                AND pac.id_attribute IN (64,105,62)
            GROUP BY 
                pac.`id_product_attribute`
            HAVING 
                COUNT(pa.id_product) = 3 at line 6147 in file classes/Product.php
